# JRE version: OpenJDK Runtime Environment (17.0.11) (build 17.0.11+0--11852314)
# Java VM: OpenJDK 64-Bit Server VM (17.0.11+0--11852314, mixed mode, tiered, compressed oops, compressed class ptrs, g1 gc, windows-amd64)
GC Precious Log:
 CPUs: 8 total, 8 available
 Memory: 16278M
 Large Page Support: Disabled
 NUMA Support: Disabled
 Compressed Oops: Enabled (32-bit)
 Heap Region Size: 1M
 Heap Min Capacity: 8M
 Heap Initial Capacity: 256M
 Heap Max Capacity: 2G
 Pre-touch: Disabled
 Parallel Workers: 8
 Concurrent Workers: 2
 Concurrent Refinement Workers: 8
 Periodic GC: Disabled
Heap:
 garbage-first heap   total 382976K, used 278495K [0x0000000080000000, 0x0000000100000000)
  region size 1024K, 158 young (161792K), 2 survivors (2048K)
 Metaspace       used 140061K, committed 141376K, reserved 1179648K
  class space    used 19015K, committed 19648K, reserved 1048576K
GC Heap History (20 events):
Event: 5965.541 GC heap before
{Heap before GC invocations=70 (full 0):
 garbage-first heap   total 222208K, used 124850K [0x0000000080000000, 0x0000000100000000)
  region size 1024K, 29 young (29696K), 2 survivors (2048K)
 Metaspace       used 136819K, committed 137856K, reserved 1179648K
  class space    used 18784K, committed 19328K, reserved 1048576K
}
Event: 5965.546 GC heap after
{Heap after GC invocations=71 (full 0):
 garbage-first heap   total 222208K, used 103584K [0x0000000080000000, 0x0000000100000000)
  region size 1024K, 6 young (6144K), 6 survivors (6144K)
 Metaspace       used 136819K, committed 137856K, reserved 1179648K
  class space    used 18784K, committed 19328K, reserved 1048576K
}
Event: 5966.211 GC heap before
{Heap before GC invocations=72 (full 0):
 garbage-first heap   total 222208K, used 171168K [0x0000000080000000, 0x0000000100000000)
  region size 1024K, 73 young (74752K), 6 survivors (6144K)
 Metaspace       used 137124K, committed 138112K, reserved 1179648K
  class space    used 18787K, committed 19328K, reserved 1048576K
}
Event: 5966.216 GC heap after
{Heap after GC invocations=73 (full 0):
 garbage-first heap   total 222208K, used 103210K [0x0000000080000000, 0x0000000100000000)
  region size 1024K, 5 young (5120K), 5 survivors (5120K)
 Metaspace       used 137124K, committed 138112K, reserved 1179648K
  class space    used 18787K, committed 19328K, reserved 1048576K
}
Event: 5966.274 GC heap before
{Heap before GC invocations=73 (full 0):
 garbage-first heap   total 222208K, used 108330K [0x0000000080000000, 0x0000000100000000)
  region size 1024K, 10 young (10240K), 5 survivors (5120K)
 Metaspace       used 137176K, committed 138176K, reserved 1179648K
  class space    used 18787K, committed 19328K, reserved 1048576K
}
Event: 5966.280 GC heap after
{Heap after GC invocations=74 (full 0):
 garbage-first heap   total 222208K, used 94563K [0x0000000080000000, 0x0000000100000000)
  region size 1024K, 1 young (1024K), 1 survivors (1024K)
 Metaspace       used 137176K, committed 138176K, reserved 1179648K
  class space    used 18787K, committed 19328K, reserved 1048576K
}
Event: 5966.440 GC heap before
{Heap before GC invocations=74 (full 0):
 garbage-first heap   total 222208K, used 103779K [0x0000000080000000, 0x0000000100000000)
  region size 1024K, 12 young (12288K), 1 survivors (1024K)
 Metaspace       used 137287K, committed 138304K, reserved 1179648K
  class space    used 18787K, committed 19328K, reserved 1048576K
}
Event: 5966.444 GC heap after
{Heap after GC invocations=75 (full 0):
 garbage-first heap   total 444416K, used 94997K [0x0000000080000000, 0x0000000100000000)
  region size 1024K, 1 young (1024K), 1 survivors (1024K)
 Metaspace       used 137287K, committed 138304K, reserved 1179648K
  class space    used 18787K, committed 19328K, reserved 1048576K
}
Event: 6061.136 GC heap before
{Heap before GC invocations=76 (full 0):
 garbage-first heap   total 382976K, used 352021K [0x0000000080000000, 0x0000000100000000)
  region size 1024K, 228 young (233472K), 1 survivors (1024K)
 Metaspace       used 138081K, committed 139072K, reserved 1179648K
  class space    used 18807K, committed 19328K, reserved 1048576K
}
Event: 6061.143 GC heap after
{Heap after GC invocations=77 (full 0):
 garbage-first heap   total 382976K, used 104409K [0x0000000080000000, 0x0000000100000000)
  region size 1024K, 8 young (8192K), 8 survivors (8192K)
 Metaspace       used 138081K, committed 139072K, reserved 1179648K
  class space    used 18807K, committed 19328K, reserved 1048576K
}
Event: 6061.297 GC heap before
{Heap before GC invocations=77 (full 0):
 garbage-first heap   total 382976K, used 113625K [0x0000000080000000, 0x0000000100000000)
  region size 1024K, 18 young (18432K), 8 survivors (8192K)
 Metaspace       used 138112K, committed 139136K, reserved 1179648K
  class space    used 18807K, committed 19328K, reserved 1048576K
}
Event: 6061.307 GC heap after
{Heap after GC invocations=78 (full 0):
 garbage-first heap   total 382976K, used 104087K [0x0000000080000000, 0x0000000100000000)
  region size 1024K, 3 young (3072K), 3 survivors (3072K)
 Metaspace       used 138112K, committed 139136K, reserved 1179648K
  class space    used 18807K, committed 19328K, reserved 1048576K
}
Event: 6061.316 GC heap before
{Heap before GC invocations=78 (full 0):
 garbage-first heap   total 382976K, used 104087K [0x0000000080000000, 0x0000000100000000)
  region size 1024K, 4 young (4096K), 3 survivors (3072K)
 Metaspace       used 138118K, committed 139136K, reserved 1179648K
  class space    used 18807K, committed 19328K, reserved 1048576K
}
Event: 6061.318 GC heap after
{Heap after GC invocations=79 (full 0):
 garbage-first heap   total 382976K, used 104003K [0x0000000080000000, 0x0000000100000000)
  region size 1024K, 3 young (3072K), 3 survivors (3072K)
 Metaspace       used 138118K, committed 139136K, reserved 1179648K
  class space    used 18807K, committed 19328K, reserved 1048576K
}
Event: 6538.678 GC heap before
{Heap before GC invocations=80 (full 0):
 garbage-first heap   total 382976K, used 332355K [0x0000000080000000, 0x0000000100000000)
  region size 1024K, 212 young (217088K), 3 survivors (3072K)
 Metaspace       used 139195K, committed 140288K, reserved 1179648K
  class space    used 18930K, committed 19456K, reserved 1048576K
}
Event: 6538.689 GC heap after
{Heap after GC invocations=81 (full 0):
 garbage-first heap   total 382976K, used 115938K [0x0000000080000000, 0x0000000100000000)
  region size 1024K, 12 young (12288K), 12 survivors (12288K)
 Metaspace       used 139195K, committed 140288K, reserved 1179648K
  class space    used 18930K, committed 19456K, reserved 1048576K
}
Event: 6538.748 GC heap before
{Heap before GC invocations=81 (full 0):
 garbage-first heap   total 382976K, used 122082K [0x0000000080000000, 0x0000000100000000)
  region size 1024K, 18 young (18432K), 12 survivors (12288K)
 Metaspace       used 139264K, committed 140480K, reserved 1179648K
  class space    used 18949K, committed 19520K, reserved 1048576K
}
Event: 6538.758 GC heap after
{Heap after GC invocations=82 (full 0):
 garbage-first heap   total 382976K, used 106647K [0x0000000080000000, 0x0000000100000000)
  region size 1024K, 2 young (2048K), 2 survivors (2048K)
 Metaspace       used 139264K, committed 140480K, reserved 1179648K
  class space    used 18949K, committed 19520K, reserved 1048576K
}
Event: 6539.151 GC heap before
{Heap before GC invocations=82 (full 0):
 garbage-first heap   total 382976K, used 137367K [0x0000000080000000, 0x0000000100000000)
  region size 1024K, 34 young (34816K), 2 survivors (2048K)
 Metaspace       used 139617K, committed 140864K, reserved 1179648K
  class space    used 19009K, committed 19584K, reserved 1048576K
}
Event: 6539.154 GC heap after
{Heap after GC invocations=83 (full 0):
 garbage-first heap   total 382976K, used 106463K [0x0000000080000000, 0x0000000100000000)
  region size 1024K, 2 young (2048K), 2 survivors (2048K)
 Metaspace       used 139617K, committed 140864K, reserved 1179648K
  class space    used 19009K, committed 19584K, reserved 1048576K
}

