# JRE version: OpenJDK Runtime Environment (17.0.11) (build 17.0.11+0--11852314)
# Java VM: OpenJDK 64-Bit Server VM (17.0.11+0--11852314, mixed mode, tiered, compressed oops, compressed class ptrs, g1 gc, windows-amd64)
GC Precious Log:
 CPUs: 8 total, 8 available
 Memory: 16278M
 Large Page Support: Disabled
 NUMA Support: Disabled
 Compressed Oops: Enabled (32-bit)
 Heap Region Size: 1M
 Heap Min Capacity: 8M
 Heap Initial Capacity: 256M
 Heap Max Capacity: 2G
 Pre-touch: Disabled
 Parallel Workers: 8
 Concurrent Workers: 2
 Concurrent Refinement Workers: 8
 Periodic GC: Disabled
Heap:
 garbage-first heap   total 409600K, used 115178K [0x0000000080000000, 0x0000000100000000)
  region size 1024K, 4 young (4096K), 4 survivors (4096K)
 Metaspace       used 137976K, committed 139072K, reserved 1179648K
  class space    used 18652K, committed 19200K, reserved 1048576K
GC Heap History (20 events):
Event: 1000.068 GC heap after
{Heap after GC invocations=51 (full 0):
 garbage-first heap   total 348160K, used 108419K [0x0000000080000000, 0x0000000100000000)
  region size 1024K, 2 young (2048K), 2 survivors (2048K)
 Metaspace       used 127747K, committed 128704K, reserved 1179648K
  class space    used 17779K, committed 18240K, reserved 1048576K
}
Event: 1000.370 GC heap before
{Heap before GC invocations=51 (full 0):
 garbage-first heap   total 348160K, used 124803K [0x0000000080000000, 0x0000000100000000)
  region size 1024K, 19 young (19456K), 2 survivors (2048K)
 Metaspace       used 127895K, committed 128832K, reserved 1179648K
  class space    used 17781K, committed 18240K, reserved 1048576K
}
Event: 1000.373 GC heap after
{Heap after GC invocations=52 (full 0):
 garbage-first heap   total 348160K, used 110777K [0x0000000080000000, 0x0000000100000000)
  region size 1024K, 4 young (4096K), 4 survivors (4096K)
 Metaspace       used 127895K, committed 128832K, reserved 1179648K
  class space    used 17781K, committed 18240K, reserved 1048576K
}
Event: 1049.902 GC heap before
{Heap before GC invocations=53 (full 0):
 garbage-first heap   total 348160K, used 291001K [0x0000000080000000, 0x0000000100000000)
  region size 1024K, 168 young (172032K), 4 survivors (4096K)
 Metaspace       used 128967K, committed 129984K, reserved 1179648K
  class space    used 17828K, committed 18304K, reserved 1048576K
}
Event: 1049.915 GC heap after
{Heap after GC invocations=54 (full 0):
 garbage-first heap   total 348160K, used 125432K [0x0000000080000000, 0x0000000100000000)
  region size 1024K, 18 young (18432K), 18 survivors (18432K)
 Metaspace       used 128967K, committed 129984K, reserved 1179648K
  class space    used 17828K, committed 18304K, reserved 1048576K
}
Event: 1049.918 GC heap before
{Heap before GC invocations=54 (full 0):
 garbage-first heap   total 348160K, used 126456K [0x0000000080000000, 0x0000000100000000)
  region size 1024K, 19 young (19456K), 18 survivors (18432K)
 Metaspace       used 128968K, committed 129984K, reserved 1179648K
  class space    used 17828K, committed 18304K, reserved 1048576K
}
Event: 1049.927 GC heap after
{Heap after GC invocations=55 (full 0):
 garbage-first heap   total 348160K, used 119865K [0x0000000080000000, 0x0000000100000000)
  region size 1024K, 2 young (2048K), 2 survivors (2048K)
 Metaspace       used 128968K, committed 129984K, reserved 1179648K
  class space    used 17828K, committed 18304K, reserved 1048576K
}
Event: 1050.454 GC heap before
{Heap before GC invocations=55 (full 0):
 garbage-first heap   total 348160K, used 166969K [0x0000000080000000, 0x0000000100000000)
  region size 1024K, 50 young (51200K), 2 survivors (2048K)
 Metaspace       used 129496K, committed 130496K, reserved 1179648K
  class space    used 17837K, committed 18304K, reserved 1048576K
}
Event: 1050.459 GC heap after
{Heap after GC invocations=56 (full 0):
 garbage-first heap   total 348160K, used 123564K [0x0000000080000000, 0x0000000100000000)
  region size 1024K, 6 young (6144K), 6 survivors (6144K)
 Metaspace       used 129496K, committed 130496K, reserved 1179648K
  class space    used 17837K, committed 18304K, reserved 1048576K
}
Event: 1686.574 GC heap before
{Heap before GC invocations=57 (full 0):
 garbage-first heap   total 348160K, used 277164K [0x0000000080000000, 0x0000000100000000)
  region size 1024K, 144 young (147456K), 6 survivors (6144K)
 Metaspace       used 130060K, committed 131136K, reserved 1179648K
  class space    used 17857K, committed 18368K, reserved 1048576K
}
Event: 1686.586 GC heap after
{Heap after GC invocations=58 (full 0):
 garbage-first heap   total 348160K, used 128659K [0x0000000080000000, 0x0000000100000000)
  region size 1024K, 11 young (11264K), 11 survivors (11264K)
 Metaspace       used 130060K, committed 131136K, reserved 1179648K
  class space    used 17857K, committed 18368K, reserved 1048576K
}
Event: 1686.637 GC heap before
{Heap before GC invocations=58 (full 0):
 garbage-first heap   total 348160K, used 134803K [0x0000000080000000, 0x0000000100000000)
  region size 1024K, 17 young (17408K), 11 survivors (11264K)
 Metaspace       used 130065K, committed 131136K, reserved 1179648K
  class space    used 17857K, committed 18368K, reserved 1048576K
}
Event: 1686.651 GC heap after
{Heap after GC invocations=59 (full 0):
 garbage-first heap   total 348160K, used 122626K [0x0000000080000000, 0x0000000100000000)
  region size 1024K, 2 young (2048K), 2 survivors (2048K)
 Metaspace       used 130065K, committed 131136K, reserved 1179648K
  class space    used 17857K, committed 18368K, reserved 1048576K
}
Event: 1686.754 GC heap before
{Heap before GC invocations=59 (full 0):
 garbage-first heap   total 348160K, used 126722K [0x0000000080000000, 0x0000000100000000)
  region size 1024K, 8 young (8192K), 2 survivors (2048K)
 Metaspace       used 130270K, committed 131328K, reserved 1179648K
  class space    used 17886K, committed 18368K, reserved 1048576K
}
Event: 1686.756 GC heap after
{Heap after GC invocations=60 (full 0):
 garbage-first heap   total 348160K, used 122003K [0x0000000080000000, 0x0000000100000000)
  region size 1024K, 2 young (2048K), 2 survivors (2048K)
 Metaspace       used 130270K, committed 131328K, reserved 1179648K
  class space    used 17886K, committed 18368K, reserved 1048576K
}
Event: 1688.553 GC heap before
{Heap before GC invocations=61 (full 0):
 garbage-first heap   total 348160K, used 299155K [0x0000000080000000, 0x0000000100000000)
  region size 1024K, 150 young (153600K), 2 survivors (2048K)
 Metaspace       used 134569K, committed 135616K, reserved 1179648K
  class space    used 18300K, committed 18816K, reserved 1048576K
}
Event: 1688.562 GC heap after
{Heap after GC invocations=62 (full 0):
 garbage-first heap   total 348160K, used 127692K [0x0000000080000000, 0x0000000100000000)
  region size 1024K, 8 young (8192K), 8 survivors (8192K)
 Metaspace       used 134569K, committed 135616K, reserved 1179648K
  class space    used 18300K, committed 18816K, reserved 1048576K
}
Event: 1688.671 GC heap before
{Heap before GC invocations=62 (full 0):
 garbage-first heap   total 348160K, used 135884K [0x0000000080000000, 0x0000000100000000)
  region size 1024K, 17 young (17408K), 8 survivors (8192K)
 Metaspace       used 135887K, committed 137024K, reserved 1179648K
  class space    used 18446K, committed 19008K, reserved 1048576K
}
Event: 1688.680 GC heap after
{Heap after GC invocations=63 (full 0):
 garbage-first heap   total 348160K, used 112106K [0x0000000080000000, 0x0000000100000000)
  region size 1024K, 1 young (1024K), 1 survivors (1024K)
 Metaspace       used 135887K, committed 137024K, reserved 1179648K
  class space    used 18446K, committed 19008K, reserved 1048576K
}
Event: 1691.741 GC heap before
{Heap before GC invocations=63 (full 0):
 garbage-first heap   total 348160K, used 193002K [0x0000000080000000, 0x0000000100000000)
  region size 1024K, 82 young (83968K), 1 survivors (1024K)
 Metaspace       used 137976K, committed 139072K, reserved 1179648K
  class space    used 18652K, committed 19200K, reserved 1048576K
}

